TN:
SF:src\router.ts
FN:12,(anonymous_0)
FN:28,(anonymous_1)
FN:39,(anonymous_2)
FNF:3
FNH:2
FNDA:0,(anonymous_0)
FNDA:3,(anonymous_1)
FNDA:4,(anonymous_2)
DA:1,1
DA:2,1
DA:4,1
DA:5,1
DA:7,1
DA:10,1
DA:12,1
DA:13,0
DA:17,1
DA:23,1
DA:28,3
DA:33,1
DA:39,4
DA:44,1
DA:54,1
LF:15
LH:14
BRF:0
BRH:0
end_of_record
TN:
SF:src\server.ts
FN:8,connectDb
FNF:1
FNH:1
FNDA:1,connectDb
DA:1,1
DA:2,1
DA:3,1
DA:9,1
DA:10,1
DA:11,1
DA:19,1
DA:23,1
DA:26,1
DA:29,1
DA:32,1
LF:11
LH:11
BRF:0
BRH:0
end_of_record
TN:
SF:src\config\db.ts
FNF:0
FNH:0
DA:1,1
DA:2,1
DA:4,1
DA:6,1
DA:11,1
LF:5
LH:5
BRF:0
BRH:0
end_of_record
TN:
SF:src\handlers\product.ts
FN:6,(anonymous_1)
FN:20,(anonymous_2)
FN:33,(anonymous_3)
FN:40,(anonymous_4)
FN:60,(anonymous_5)
FNF:5
FNH:5
FNDA:2,(anonymous_1)
FNDA:3,(anonymous_2)
FNDA:1,(anonymous_3)
FNDA:2,(anonymous_4)
FNDA:2,(anonymous_5)
DA:3,1
DA:6,1
DA:8,2
DA:17,2
DA:20,1
DA:22,3
DA:24,3
DA:25,2
DA:26,2
DA:29,1
DA:33,1
DA:34,1
DA:35,1
DA:40,1
DA:41,2
DA:43,2
DA:46,2
DA:47,1
DA:48,1
DA:51,1
DA:52,1
DA:53,1
DA:54,1
DA:56,1
DA:60,1
DA:61,2
DA:64,2
DA:65,1
DA:66,1
DA:70,1
DA:72,1
LF:31
LH:31
BRDA:24,0,0,2
BRDA:46,1,0,1
BRDA:64,2,0,1
BRF:3
BRH:3
end_of_record
TN:
SF:src\middleware\index.ts
FN:6,(anonymous_0)
FNF:1
FNH:1
FNDA:12,(anonymous_0)
DA:2,1
DA:6,1
DA:7,12
DA:9,12
DA:10,4
DA:11,4
DA:14,8
LF:7
LH:7
BRDA:9,0,0,4
BRF:1
BRH:1
end_of_record
TN:
SF:src\models\Product.model.ts
FNF:0
FNH:0
DA:2,1
DA:8,1
DA:12,1
DA:17,1
DA:23,1
DA:29,1
LF:6
LH:6
BRF:0
BRH:0
end_of_record
